<?xml version="1.0" encoding="UTF-8"?>
<!-- Generated by org.testng.reporters.JUnitReportReporter -->
<testsuite skipped="0" hostname="LAPTOP-QHQ0BOBD" name="com.demo.nopcommerce.testsuite.LoginTest" tests="1" failures="0" timestamp="14 Apr 2020 16:08:11 GMT" time="13.471" errors="0">
  <testcase name="verifyUserShouldNavigateToLoginPage" time="13.471" classname="com.demo.nopcommerce.testsuite.LoginTest"/>
</testsuite> <!-- com.demo.nopcommerce.testsuite.LoginTest -->
